2019-09-27 17:22:28,031 desired_caps.py[line:20] INFO 启动app...
2019-09-27 17:23:48,086 desired_caps.py[line:20] INFO 启动app...
2019-09-27 17:24:04,738 checkPopup.py[line:28] INFO 开始滑动闪屏.....
2019-09-27 17:24:12,716 publishGradenView.py[line:84] INFO 点击首页发布
2019-09-27 17:24:14,294 publishGradenView.py[line:86] INFO 选择发布方式为“【在园时光】”
2019-09-27 17:24:15,247 publishGradenView.py[line:88] INFO 进入相册，选择发布照片
2019-09-27 17:24:19,286 publishGradenView.py[line:90] INFO 选择了4照片后，点击【确定】
2019-09-27 17:24:20,349 publishGradenView.py[line:113] INFO 选择活动范例
2019-09-27 17:24:21,010 publishGradenView.py[line:115] INFO 选择第2个大标题
2019-09-27 17:24:24,641 publishGradenView.py[line:119] INFO 选择第2个小标题
2019-09-27 17:24:25,510 publishGradenView.py[line:123] INFO 默认选择第一条
2019-09-27 17:24:26,452 publishGradenView.py[line:94] INFO 输入标题：测试
2019-09-27 17:24:31,839 publishGradenView.py[line:102] INFO 点击【下一步】
2019-09-27 17:24:32,493 publishGradenView.py[line:133] INFO 进入选择“主题”
2019-09-27 17:24:33,627 publishGradenView.py[line:136] INFO 选择第1个主题
2019-09-27 17:24:34,702 publishGradenView.py[line:145] INFO 选择完成之后点击【确定】
2019-09-27 17:24:35,330 publishGradenView.py[line:154] INFO 进入选择发布方式页面
2019-09-27 17:24:36,089 publishGradenView.py[line:156] INFO 选择“指定发送”
2019-09-27 17:24:37,083 publishGradenView.py[line:158] INFO 选择指定3个孩子
2019-09-27 17:24:39,608 publishGradenView.py[line:166] INFO 点击【确定】按钮
2019-09-27 17:24:40,412 publishGradenView.py[line:171] INFO 点击【发布】在园时光
2019-09-27 17:24:41,433 checkPublishGarden.py[line:19] INFO 检测在园时光是否发送成功
2019-09-27 17:24:45,848 checkPublishGarden.py[line:30] INFO 发布成功!
2019-09-27 17:28:28,035 desired_caps.py[line:20] INFO 启动app...
2019-09-27 17:28:45,252 checkPopup.py[line:28] INFO 开始滑动闪屏.....
2019-09-27 17:28:53,550 publishGradenView.py[line:84] INFO 点击首页发布
2019-09-27 17:28:54,630 publishGradenView.py[line:86] INFO 选择发布方式为“【在园时光】”
2019-09-27 17:28:55,553 publishGradenView.py[line:88] INFO 进入相册，选择发布照片
2019-09-27 17:29:49,771 desired_caps.py[line:20] INFO 启动app...
2019-09-27 17:30:09,512 checkPopup.py[line:28] INFO 开始滑动闪屏.....
2019-09-27 17:30:17,940 publishGradenView.py[line:84] INFO 点击首页发布
2019-09-27 17:30:18,740 publishGradenView.py[line:86] INFO 选择发布方式为“【在园时光】”
2019-09-27 17:30:19,664 publishGradenView.py[line:88] INFO 进入相册，选择发布照片
2019-09-27 17:30:24,326 publishGradenView.py[line:90] INFO 选择了4照片后，点击【确定】
2019-09-27 17:30:25,704 publishGradenView.py[line:113] INFO 选择活动范例
2019-09-27 17:30:26,349 publishGradenView.py[line:115] INFO 选择第2个大标题
2019-09-27 17:30:30,866 publishGradenView.py[line:119] INFO 选择第2个小标题
2019-09-27 17:30:31,818 publishGradenView.py[line:123] INFO 默认选择第一条
2019-09-27 17:30:32,724 publishGradenView.py[line:94] INFO 输入标题：测试
2019-09-27 17:30:38,358 publishGradenView.py[line:102] INFO 点击【下一步】
2019-09-27 17:30:39,001 publishGradenView.py[line:133] INFO 进入选择“主题”
2019-09-27 17:30:40,148 publishGradenView.py[line:136] INFO 选择第1个主题
2019-09-27 17:30:41,256 publishGradenView.py[line:145] INFO 选择完成之后点击【确定】
2019-09-27 17:30:41,899 publishGradenView.py[line:154] INFO 进入选择发布方式页面
2019-09-27 17:30:42,734 publishGradenView.py[line:156] INFO 选择“指定发送”
2019-09-27 17:30:43,705 publishGradenView.py[line:158] INFO 选择指定3个孩子
2019-09-27 17:30:46,255 publishGradenView.py[line:166] INFO 点击【确定】按钮
2019-09-27 17:30:47,016 publishGradenView.py[line:171] INFO 点击【发布】在园时光
2019-09-27 17:30:48,079 checkPublishGarden.py[line:19] INFO 检测在园时光是否发送成功
2019-09-27 17:30:59,471 checkPublishGarden.py[line:26] ERROR 发布失败!
2019-09-27 17:30:59,471 common_fun.py[line:33] INFO get 发布失败 screenshot
